[2017-10-13 09:52:46] local.ERROR: Attribute [macth] does not exist. {"exception":"[object] (InvalidArgumentException(code: 0): Attribute [macth] does not exist. at /Users/jiayu/Documents/nginx/html/laravel/vendor/laravel/framework/src/Illuminate/Routing/RouteRegistrar.php:76)
[stacktrace]
#0 /Users/jiayu/Documents/nginx/html/laravel/vendor/laravel/framework/src/Illuminate/Routing/Router.php(1151): Illuminate\\Routing\\RouteRegistrar->attribute('macth', Array)
#1 /Users/jiayu/Documents/nginx/html/laravel/vendor/laravel/framework/src/Illuminate/Support/Facades/Facade.php(221): Illuminate\\Routing\\Router->__call('macth', Array)
#2 /Users/jiayu/Documents/nginx/html/laravel/routes/web.php(31): Illuminate\\Support\\Facades\\Facade::__callStatic('macth', Array)
#3 /Users/jiayu/Documents/nginx/html/laravel/vendor/laravel/framework/src/Illuminate/Routing/Router.php(365): require('/Users/jiayu/Do...')
#4 /Users/jiayu/Documents/nginx/html/laravel/vendor/laravel/framework/src/Illuminate/Routing/Router.php(321): Illuminate\\Routing\\Router->loadRoutes('/Users/jiayu/Do...')
#5 /Users/jiayu/Documents/nginx/html/laravel/vendor/laravel/framework/src/Illuminate/Routing/RouteRegistrar.php(105): Illuminate\\Routing\\Router->group(Array, '/Users/jiayu/Do...')
#6 /Users/jiayu/Documents/nginx/html/laravel/app/Providers/RouteServiceProvider.php(56): Illuminate\\Routing\\RouteRegistrar->group('/Users/jiayu/Do...')
#7 /Users/jiayu/Documents/nginx/html/laravel/app/Providers/RouteServiceProvider.php(40): App\\Providers\\RouteServiceProvider->mapWebRoutes()
#8 [internal function]: App\\Providers\\RouteServiceProvider->map()
#9 /Users/jiayu/Documents/nginx/html/laravel/vendor/laravel/framework/src/Illuminate/Container/BoundMethod.php(29): call_user_func_array(Array, Array)
#10 /Users/jiayu/Documents/nginx/html/laravel/vendor/laravel/framework/src/Illuminate/Container/BoundMethod.php(87): Illuminate\\Container\\BoundMethod::Illuminate\\Container\\{closure}()
#11 /Users/jiayu/Documents/nginx/html/laravel/vendor/laravel/framework/src/Illuminate/Container/BoundMethod.php(31): Illuminate\\Container\\BoundMethod::callBoundMethod(Object(Illuminate\\Foundation\\Application), Array, Object(Closure))
#12 /Users/jiayu/Documents/nginx/html/laravel/vendor/laravel/framework/src/Illuminate/Container/Container.php(549): Illuminate\\Container\\BoundMethod::call(Object(Illuminate\\Foundation\\Application), Array, Array, NULL)
#13 /Users/jiayu/Documents/nginx/html/laravel/vendor/laravel/framework/src/Illuminate/Foundation/Support/Providers/RouteServiceProvider.php(74): Illuminate\\Container\\Container->call(Array)
#14 /Users/jiayu/Documents/nginx/html/laravel/vendor/laravel/framework/src/Illuminate/Foundation/Support/Providers/RouteServiceProvider.php(33): Illuminate\\Foundation\\Support\\Providers\\RouteServiceProvider->loadRoutes()
#15 /Users/jiayu/Documents/nginx/html/laravel/app/Providers/RouteServiceProvider.php(28): Illuminate\\Foundation\\Support\\Providers\\RouteServiceProvider->boot()
#16 [internal function]: App\\Providers\\RouteServiceProvider->boot()
#17 /Users/jiayu/Documents/nginx/html/laravel/vendor/laravel/framework/src/Illuminate/Container/BoundMethod.php(29): call_user_func_array(Array, Array)
#18 /Users/jiayu/Documents/nginx/html/laravel/vendor/laravel/framework/src/Illuminate/Container/BoundMethod.php(87): Illuminate\\Container\\BoundMethod::Illuminate\\Container\\{closure}()
#19 /Users/jiayu/Documents/nginx/html/laravel/vendor/laravel/framework/src/Illuminate/Container/BoundMethod.php(31): Illuminate\\Container\\BoundMethod::callBoundMethod(Object(Illuminate\\Foundation\\Application), Array, Object(Closure))
#20 /Users/jiayu/Documents/nginx/html/laravel/vendor/laravel/framework/src/Illuminate/Container/Container.php(549): Illuminate\\Container\\BoundMethod::call(Object(Illuminate\\Foundation\\Application), Array, Array, NULL)
#21 /Users/jiayu/Documents/nginx/html/laravel/vendor/laravel/framework/src/Illuminate/Foundation/Application.php(781): Illuminate\\Container\\Container->call(Array)
#22 /Users/jiayu/Documents/nginx/html/laravel/vendor/laravel/framework/src/Illuminate/Foundation/Application.php(764): Illuminate\\Foundation\\Application->bootProvider(Object(App\\Providers\\RouteServiceProvider))
#23 [internal function]: Illuminate\\Foundation\\Application->Illuminate\\Foundation\\{closure}(Object(App\\Providers\\RouteServiceProvider), 18)
#24 /Users/jiayu/Documents/nginx/html/laravel/vendor/laravel/framework/src/Illuminate/Foundation/Application.php(765): array_walk(Array, Object(Closure))
#25 /Users/jiayu/Documents/nginx/html/laravel/vendor/laravel/framework/src/Illuminate/Foundation/Bootstrap/BootProviders.php(17): Illuminate\\Foundation\\Application->boot()
#26 /Users/jiayu/Documents/nginx/html/laravel/vendor/laravel/framework/src/Illuminate/Foundation/Application.php(213): Illuminate\\Foundation\\Bootstrap\\BootProviders->bootstrap(Object(Illuminate\\Foundation\\Application))
#27 /Users/jiayu/Documents/nginx/html/laravel/vendor/laravel/framework/src/Illuminate/Foundation/Http/Kernel.php(162): Illuminate\\Foundation\\Application->bootstrapWith(Array)
#28 /Users/jiayu/Documents/nginx/html/laravel/vendor/laravel/framework/src/Illuminate/Foundation/Http/Kernel.php(146): Illuminate\\Foundation\\Http\\Kernel->bootstrap()
#29 /Users/jiayu/Documents/nginx/html/laravel/vendor/laravel/framework/src/Illuminate/Foundation/Http/Kernel.php(116): Illuminate\\Foundation\\Http\\Kernel->sendRequestThroughRouter(Object(Illuminate\\Http\\Request))
#30 /Users/jiayu/Documents/nginx/html/laravel/public/index.php(55): Illuminate\\Foundation\\Http\\Kernel->handle(Object(Illuminate\\Http\\Request))
#31 {main}
"} 
[2017-10-13 09:54:44] local.ERROR: Attribute [macth] does not exist. {"exception":"[object] (InvalidArgumentException(code: 0): Attribute [macth] does not exist. at /Users/jiayu/Documents/nginx/html/laravel/vendor/laravel/framework/src/Illuminate/Routing/RouteRegistrar.php:76)
[stacktrace]
#0 /Users/jiayu/Documents/nginx/html/laravel/vendor/laravel/framework/src/Illuminate/Routing/Router.php(1151): Illuminate\\Routing\\RouteRegistrar->attribute('macth', Array)
#1 /Users/jiayu/Documents/nginx/html/laravel/vendor/laravel/framework/src/Illuminate/Support/Facades/Facade.php(221): Illuminate\\Routing\\Router->__call('macth', Array)
#2 /Users/jiayu/Documents/nginx/html/laravel/routes/web.php(31): Illuminate\\Support\\Facades\\Facade::__callStatic('macth', Array)
#3 /Users/jiayu/Documents/nginx/html/laravel/vendor/laravel/framework/src/Illuminate/Routing/Router.php(365): require('/Users/jiayu/Do...')
#4 /Users/jiayu/Documents/nginx/html/laravel/vendor/laravel/framework/src/Illuminate/Routing/Router.php(321): Illuminate\\Routing\\Router->loadRoutes('/Users/jiayu/Do...')
#5 /Users/jiayu/Documents/nginx/html/laravel/vendor/laravel/framework/src/Illuminate/Routing/RouteRegistrar.php(105): Illuminate\\Routing\\Router->group(Array, '/Users/jiayu/Do...')
#6 /Users/jiayu/Documents/nginx/html/laravel/app/Providers/RouteServiceProvider.php(56): Illuminate\\Routing\\RouteRegistrar->group('/Users/jiayu/Do...')
#7 /Users/jiayu/Documents/nginx/html/laravel/app/Providers/RouteServiceProvider.php(40): App\\Providers\\RouteServiceProvider->mapWebRoutes()
#8 [internal function]: App\\Providers\\RouteServiceProvider->map()
#9 /Users/jiayu/Documents/nginx/html/laravel/vendor/laravel/framework/src/Illuminate/Container/BoundMethod.php(29): call_user_func_array(Array, Array)
#10 /Users/jiayu/Documents/nginx/html/laravel/vendor/laravel/framework/src/Illuminate/Container/BoundMethod.php(87): Illuminate\\Container\\BoundMethod::Illuminate\\Container\\{closure}()
#11 /Users/jiayu/Documents/nginx/html/laravel/vendor/laravel/framework/src/Illuminate/Container/BoundMethod.php(31): Illuminate\\Container\\BoundMethod::callBoundMethod(Object(Illuminate\\Foundation\\Application), Array, Object(Closure))
#12 /Users/jiayu/Documents/nginx/html/laravel/vendor/laravel/framework/src/Illuminate/Container/Container.php(549): Illuminate\\Container\\BoundMethod::call(Object(Illuminate\\Foundation\\Application), Array, Array, NULL)
#13 /Users/jiayu/Documents/nginx/html/laravel/vendor/laravel/framework/src/Illuminate/Foundation/Support/Providers/RouteServiceProvider.php(74): Illuminate\\Container\\Container->call(Array)
#14 /Users/jiayu/Documents/nginx/html/laravel/vendor/laravel/framework/src/Illuminate/Foundation/Support/Providers/RouteServiceProvider.php(33): Illuminate\\Foundation\\Support\\Providers\\RouteServiceProvider->loadRoutes()
#15 /Users/jiayu/Documents/nginx/html/laravel/app/Providers/RouteServiceProvider.php(28): Illuminate\\Foundation\\Support\\Providers\\RouteServiceProvider->boot()
#16 [internal function]: App\\Providers\\RouteServiceProvider->boot()
#17 /Users/jiayu/Documents/nginx/html/laravel/vendor/laravel/framework/src/Illuminate/Container/BoundMethod.php(29): call_user_func_array(Array, Array)
#18 /Users/jiayu/Documents/nginx/html/laravel/vendor/laravel/framework/src/Illuminate/Container/BoundMethod.php(87): Illuminate\\Container\\BoundMethod::Illuminate\\Container\\{closure}()
#19 /Users/jiayu/Documents/nginx/html/laravel/vendor/laravel/framework/src/Illuminate/Container/BoundMethod.php(31): Illuminate\\Container\\BoundMethod::callBoundMethod(Object(Illuminate\\Foundation\\Application), Array, Object(Closure))
#20 /Users/jiayu/Documents/nginx/html/laravel/vendor/laravel/framework/src/Illuminate/Container/Container.php(549): Illuminate\\Container\\BoundMethod::call(Object(Illuminate\\Foundation\\Application), Array, Array, NULL)
#21 /Users/jiayu/Documents/nginx/html/laravel/vendor/laravel/framework/src/Illuminate/Foundation/Application.php(781): Illuminate\\Container\\Container->call(Array)
#22 /Users/jiayu/Documents/nginx/html/laravel/vendor/laravel/framework/src/Illuminate/Foundation/Application.php(764): Illuminate\\Foundation\\Application->bootProvider(Object(App\\Providers\\RouteServiceProvider))
#23 [internal function]: Illuminate\\Foundation\\Application->Illuminate\\Foundation\\{closure}(Object(App\\Providers\\RouteServiceProvider), 18)
#24 /Users/jiayu/Documents/nginx/html/laravel/vendor/laravel/framework/src/Illuminate/Foundation/Application.php(765): array_walk(Array, Object(Closure))
#25 /Users/jiayu/Documents/nginx/html/laravel/vendor/laravel/framework/src/Illuminate/Foundation/Bootstrap/BootProviders.php(17): Illuminate\\Foundation\\Application->boot()
#26 /Users/jiayu/Documents/nginx/html/laravel/vendor/laravel/framework/src/Illuminate/Foundation/Application.php(213): Illuminate\\Foundation\\Bootstrap\\BootProviders->bootstrap(Object(Illuminate\\Foundation\\Application))
#27 /Users/jiayu/Documents/nginx/html/laravel/vendor/laravel/framework/src/Illuminate/Foundation/Http/Kernel.php(162): Illuminate\\Foundation\\Application->bootstrapWith(Array)
#28 /Users/jiayu/Documents/nginx/html/laravel/vendor/laravel/framework/src/Illuminate/Foundation/Http/Kernel.php(146): Illuminate\\Foundation\\Http\\Kernel->bootstrap()
#29 /Users/jiayu/Documents/nginx/html/laravel/vendor/laravel/framework/src/Illuminate/Foundation/Http/Kernel.php(116): Illuminate\\Foundation\\Http\\Kernel->sendRequestThroughRouter(Object(Illuminate\\Http\\Request))
#30 /Users/jiayu/Documents/nginx/html/laravel/public/index.php(55): Illuminate\\Foundation\\Http\\Kernel->handle(Object(Illuminate\\Http\\Request))
#31 {main}
"} 
